<?xml version="1.0" encoding="UTF-8"?>
<testsuite xmlns:xsi="http://www.w3.org/2001/XMLSchema-instance" xsi:noNamespaceSchemaLocation="https://maven.apache.org/surefire/maven-surefire-plugin/xsd/surefire-test-report.xsd" name="WeatherForecastTest" time="6.445" tests="5" errors="0" skipped="0" failures="4">
  <properties>
    <property name="sun.desktop" value="gnome"/>
    <property name="awt.toolkit" value="sun.awt.X11.XToolkit"/>
    <property name="file.encoding.pkg" value="sun.io"/>
    <property name="java.specification.version" value="1.8"/>
    <property name="sun.cpu.isalist" value=""/>
    <property name="sun.jnu.encoding" value="UTF-8"/>
    <property name="java.class.path" value="/home/prog/IdeaProjects/WearherForecastAppTests/target/test-classes:/home/prog/IdeaProjects/WearherForecastAppTests/target/classes:/home/prog/.m2/repository/org/codehaus/groovy/groovy/3.0.9/groovy-3.0.9.jar:/home/prog/.m2/repository/org/spockframework/spock-core/2.0-groovy-3.0/spock-core-2.0-groovy-3.0.jar:/home/prog/.m2/repository/org/junit/platform/junit-platform-engine/1.7.2/junit-platform-engine-1.7.2.jar:/home/prog/.m2/repository/org/hamcrest/hamcrest/2.2/hamcrest-2.2.jar:/home/prog/.m2/repository/org/skyscreamer/jsonassert/1.5.0/jsonassert-1.5.0.jar:/home/prog/.m2/repository/com/vaadin/external/google/android-json/0.0.20131108.vaadin1/android-json-0.0.20131108.vaadin1.jar:/home/prog/.m2/repository/org/junit/jupiter/junit-jupiter-api/5.7.1/junit-jupiter-api-5.7.1.jar:/home/prog/.m2/repository/org/apiguardian/apiguardian-api/1.1.0/apiguardian-api-1.1.0.jar:/home/prog/.m2/repository/org/opentest4j/opentest4j/1.2.0/opentest4j-1.2.0.jar:/home/prog/.m2/repository/org/junit/platform/junit-platform-commons/1.7.1/junit-platform-commons-1.7.1.jar:/home/prog/.m2/repository/org/junit/vintage/junit-vintage-engine/5.7.1/junit-vintage-engine-5.7.1.jar:/home/prog/.m2/repository/junit/junit/4.13/junit-4.13.jar:/home/prog/.m2/repository/org/hamcrest/hamcrest-core/1.3/hamcrest-core-1.3.jar:/home/prog/.m2/repository/io/qameta/allure/allure-junit5/2.13.1/allure-junit5-2.13.1.jar:/home/prog/.m2/repository/io/qameta/allure/allure-junit-platform/2.13.1/allure-junit-platform-2.13.1.jar:/home/prog/.m2/repository/io/qameta/allure/allure-java-commons/2.13.1/allure-java-commons-2.13.1.jar:/home/prog/.m2/repository/io/qameta/allure/allure-model/2.13.1/allure-model-2.13.1.jar:/home/prog/.m2/repository/org/slf4j/slf4j-api/1.7.25/slf4j-api-1.7.25.jar:/home/prog/.m2/repository/com/fasterxml/jackson/core/jackson-databind/2.9.8/jackson-databind-2.9.8.jar:/home/prog/.m2/repository/com/fasterxml/jackson/core/jackson-annotations/2.9.0/jackson-annotations-2.9.0.jar:/home/prog/.m2/repository/com/fasterxml/jackson/core/jackson-core/2.9.8/jackson-core-2.9.8.jar:/home/prog/.m2/repository/org/apache/tika/tika-core/1.20/tika-core-1.20.jar:/home/prog/.m2/repository/org/jooq/joor-java-8/0.9.10/joor-java-8-0.9.10.jar:/home/prog/.m2/repository/org/junit/platform/junit-platform-launcher/1.5.2/junit-platform-launcher-1.5.2.jar:/home/prog/.m2/repository/org/projectlombok/lombok/1.18.12/lombok-1.18.12.jar:/home/prog/.m2/repository/io/rest-assured/rest-assured/4.4.0/rest-assured-4.4.0.jar:/home/prog/.m2/repository/org/codehaus/groovy/groovy-xml/3.0.8/groovy-xml-3.0.8.jar:/home/prog/.m2/repository/org/apache/httpcomponents/httpclient/4.5.13/httpclient-4.5.13.jar:/home/prog/.m2/repository/org/apache/httpcomponents/httpcore/4.4.13/httpcore-4.4.13.jar:/home/prog/.m2/repository/commons-logging/commons-logging/1.2/commons-logging-1.2.jar:/home/prog/.m2/repository/commons-codec/commons-codec/1.11/commons-codec-1.11.jar:/home/prog/.m2/repository/org/apache/httpcomponents/httpmime/4.5.13/httpmime-4.5.13.jar:/home/prog/.m2/repository/org/ccil/cowan/tagsoup/tagsoup/1.2.1/tagsoup-1.2.1.jar:/home/prog/.m2/repository/io/rest-assured/json-path/4.4.0/json-path-4.4.0.jar:/home/prog/.m2/repository/org/codehaus/groovy/groovy-json/3.0.8/groovy-json-3.0.8.jar:/home/prog/.m2/repository/io/rest-assured/rest-assured-common/4.4.0/rest-assured-common-4.4.0.jar:/home/prog/.m2/repository/io/rest-assured/xml-path/4.4.0/xml-path-4.4.0.jar:/home/prog/.m2/repository/org/apache/commons/commons-lang3/3.11/commons-lang3-3.11.jar:/home/prog/.m2/repository/jakarta/xml/bind/jakarta.xml.bind-api/2.3.3/jakarta.xml.bind-api-2.3.3.jar:/home/prog/.m2/repository/jakarta/activation/jakarta.activation-api/1.2.2/jakarta.activation-api-1.2.2.jar:/home/prog/.m2/repository/com/sun/xml/bind/jaxb-impl/2.3.3/jaxb-impl-2.3.3.jar:/home/prog/.m2/repository/org/apache/logging/log4j/log4j-core/2.14.1/log4j-core-2.14.1.jar:/home/prog/.m2/repository/org/apache/logging/log4j/log4j-api/2.14.1/log4j-api-2.14.1.jar:/home/prog/.m2/repository/io/cucumber/messages/14.0.1/messages-14.0.1.jar:"/>
    <property name="java.vm.vendor" value="Oracle Corporation"/>
    <property name="sun.arch.data.model" value="64"/>
    <property name="java.vendor.url" value="http://java.oracle.com/"/>
    <property name="user.timezone" value="Europe/Moscow"/>
    <property name="java.vm.specification.version" value="1.8"/>
    <property name="os.name" value="Linux"/>
    <property name="user.country" value="RU"/>
    <property name="sun.java.launcher" value="SUN_STANDARD"/>
    <property name="sun.boot.library.path" value="/home/prog/Документы/jdk1.8.0_301/jre/lib/amd64"/>
    <property name="sun.java.command" value="/home/prog/IdeaProjects/WearherForecastAppTests/target/surefire/surefirebooter4095632117535356250.jar /home/prog/IdeaProjects/WearherForecastAppTests/target/surefire 2021-12-05T02-07-53_829-jvmRun1 surefire8162680878876032557tmp surefire_06010992007615652103tmp"/>
    <property name="surefire.test.class.path" value="/home/prog/IdeaProjects/WearherForecastAppTests/target/test-classes:/home/prog/IdeaProjects/WearherForecastAppTests/target/classes:/home/prog/.m2/repository/org/codehaus/groovy/groovy/3.0.9/groovy-3.0.9.jar:/home/prog/.m2/repository/org/spockframework/spock-core/2.0-groovy-3.0/spock-core-2.0-groovy-3.0.jar:/home/prog/.m2/repository/org/junit/platform/junit-platform-engine/1.7.2/junit-platform-engine-1.7.2.jar:/home/prog/.m2/repository/org/hamcrest/hamcrest/2.2/hamcrest-2.2.jar:/home/prog/.m2/repository/org/skyscreamer/jsonassert/1.5.0/jsonassert-1.5.0.jar:/home/prog/.m2/repository/com/vaadin/external/google/android-json/0.0.20131108.vaadin1/android-json-0.0.20131108.vaadin1.jar:/home/prog/.m2/repository/org/junit/jupiter/junit-jupiter-api/5.7.1/junit-jupiter-api-5.7.1.jar:/home/prog/.m2/repository/org/apiguardian/apiguardian-api/1.1.0/apiguardian-api-1.1.0.jar:/home/prog/.m2/repository/org/opentest4j/opentest4j/1.2.0/opentest4j-1.2.0.jar:/home/prog/.m2/repository/org/junit/platform/junit-platform-commons/1.7.1/junit-platform-commons-1.7.1.jar:/home/prog/.m2/repository/org/junit/vintage/junit-vintage-engine/5.7.1/junit-vintage-engine-5.7.1.jar:/home/prog/.m2/repository/junit/junit/4.13/junit-4.13.jar:/home/prog/.m2/repository/org/hamcrest/hamcrest-core/1.3/hamcrest-core-1.3.jar:/home/prog/.m2/repository/io/qameta/allure/allure-junit5/2.13.1/allure-junit5-2.13.1.jar:/home/prog/.m2/repository/io/qameta/allure/allure-junit-platform/2.13.1/allure-junit-platform-2.13.1.jar:/home/prog/.m2/repository/io/qameta/allure/allure-java-commons/2.13.1/allure-java-commons-2.13.1.jar:/home/prog/.m2/repository/io/qameta/allure/allure-model/2.13.1/allure-model-2.13.1.jar:/home/prog/.m2/repository/org/slf4j/slf4j-api/1.7.25/slf4j-api-1.7.25.jar:/home/prog/.m2/repository/com/fasterxml/jackson/core/jackson-databind/2.9.8/jackson-databind-2.9.8.jar:/home/prog/.m2/repository/com/fasterxml/jackson/core/jackson-annotations/2.9.0/jackson-annotations-2.9.0.jar:/home/prog/.m2/repository/com/fasterxml/jackson/core/jackson-core/2.9.8/jackson-core-2.9.8.jar:/home/prog/.m2/repository/org/apache/tika/tika-core/1.20/tika-core-1.20.jar:/home/prog/.m2/repository/org/jooq/joor-java-8/0.9.10/joor-java-8-0.9.10.jar:/home/prog/.m2/repository/org/junit/platform/junit-platform-launcher/1.5.2/junit-platform-launcher-1.5.2.jar:/home/prog/.m2/repository/org/projectlombok/lombok/1.18.12/lombok-1.18.12.jar:/home/prog/.m2/repository/io/rest-assured/rest-assured/4.4.0/rest-assured-4.4.0.jar:/home/prog/.m2/repository/org/codehaus/groovy/groovy-xml/3.0.8/groovy-xml-3.0.8.jar:/home/prog/.m2/repository/org/apache/httpcomponents/httpclient/4.5.13/httpclient-4.5.13.jar:/home/prog/.m2/repository/org/apache/httpcomponents/httpcore/4.4.13/httpcore-4.4.13.jar:/home/prog/.m2/repository/commons-logging/commons-logging/1.2/commons-logging-1.2.jar:/home/prog/.m2/repository/commons-codec/commons-codec/1.11/commons-codec-1.11.jar:/home/prog/.m2/repository/org/apache/httpcomponents/httpmime/4.5.13/httpmime-4.5.13.jar:/home/prog/.m2/repository/org/ccil/cowan/tagsoup/tagsoup/1.2.1/tagsoup-1.2.1.jar:/home/prog/.m2/repository/io/rest-assured/json-path/4.4.0/json-path-4.4.0.jar:/home/prog/.m2/repository/org/codehaus/groovy/groovy-json/3.0.8/groovy-json-3.0.8.jar:/home/prog/.m2/repository/io/rest-assured/rest-assured-common/4.4.0/rest-assured-common-4.4.0.jar:/home/prog/.m2/repository/io/rest-assured/xml-path/4.4.0/xml-path-4.4.0.jar:/home/prog/.m2/repository/org/apache/commons/commons-lang3/3.11/commons-lang3-3.11.jar:/home/prog/.m2/repository/jakarta/xml/bind/jakarta.xml.bind-api/2.3.3/jakarta.xml.bind-api-2.3.3.jar:/home/prog/.m2/repository/jakarta/activation/jakarta.activation-api/1.2.2/jakarta.activation-api-1.2.2.jar:/home/prog/.m2/repository/com/sun/xml/bind/jaxb-impl/2.3.3/jaxb-impl-2.3.3.jar:/home/prog/.m2/repository/org/apache/logging/log4j/log4j-core/2.14.1/log4j-core-2.14.1.jar:/home/prog/.m2/repository/org/apache/logging/log4j/log4j-api/2.14.1/log4j-api-2.14.1.jar:/home/prog/.m2/repository/io/cucumber/messages/14.0.1/messages-14.0.1.jar:"/>
    <property name="sun.cpu.endian" value="little"/>
    <property name="user.home" value="/home/prog"/>
    <property name="user.language" value="ru"/>
    <property name="java.specification.vendor" value="Oracle Corporation"/>
    <property name="java.home" value="/home/prog/Документы/jdk1.8.0_301/jre"/>
    <property name="basedir" value="/home/prog/IdeaProjects/WearherForecastAppTests"/>
    <property name="file.separator" value="/"/>
    <property name="line.separator" value="&#10;"/>
    <property name="java.vm.specification.vendor" value="Oracle Corporation"/>
    <property name="java.specification.name" value="Java Platform API Specification"/>
    <property name="java.awt.graphicsenv" value="sun.awt.X11GraphicsEnvironment"/>
    <property name="idea.version2020.1.3" value="true"/>
    <property name="surefire.real.class.path" value="/home/prog/IdeaProjects/WearherForecastAppTests/target/surefire/surefirebooter4095632117535356250.jar:/home/prog/.m2/repository/org/aspectj/aspectjweaver/1.8.10/aspectjweaver-1.8.10.jar"/>
    <property name="sun.boot.class.path" value="/home/prog/Документы/jdk1.8.0_301/jre/lib/resources.jar:/home/prog/Документы/jdk1.8.0_301/jre/lib/rt.jar:/home/prog/Документы/jdk1.8.0_301/jre/lib/sunrsasign.jar:/home/prog/Документы/jdk1.8.0_301/jre/lib/jsse.jar:/home/prog/Документы/jdk1.8.0_301/jre/lib/jce.jar:/home/prog/Документы/jdk1.8.0_301/jre/lib/charsets.jar:/home/prog/Документы/jdk1.8.0_301/jre/lib/jfr.jar:/home/prog/Документы/jdk1.8.0_301/jre/classes"/>
    <property name="sun.management.compiler" value="HotSpot 64-Bit Tiered Compilers"/>
    <property name="java.runtime.version" value="1.8.0_221-b11"/>
    <property name="user.name" value="prog"/>
    <property name="path.separator" value=":"/>
    <property name="os.version" value="5.4.0-91-generic"/>
    <property name="java.endorsed.dirs" value="/home/prog/Документы/jdk1.8.0_301/jre/lib/endorsed"/>
    <property name="java.runtime.name" value="Java(TM) SE Runtime Environment"/>
    <property name="file.encoding" value="UTF-8"/>
    <property name="java.vm.name" value="Java HotSpot(TM) 64-Bit Server VM"/>
    <property name="localRepository" value="/home/prog/.m2/repository"/>
    <property name="java.vendor.url.bug" value="http://bugreport.sun.com/bugreport/"/>
    <property name="java.io.tmpdir" value="/tmp"/>
    <property name="java.version" value="1.8.0_221"/>
    <property name="user.dir" value="/home/prog/IdeaProjects/WearherForecastAppTests"/>
    <property name="os.arch" value="amd64"/>
    <property name="java.vm.specification.name" value="Java Virtual Machine Specification"/>
    <property name="java.awt.printerjob" value="sun.print.PSPrinterJob"/>
    <property name="sun.os.patch.level" value="unknown"/>
    <property name="java.library.path" value="/usr/java/packages/lib/amd64:/usr/lib64:/lib64:/lib:/usr/lib"/>
    <property name="junit.jupiter.extensions.autodetection.enabled" value="true"/>
    <property name="java.vm.info" value="mixed mode"/>
    <property name="java.vendor" value="Oracle Corporation"/>
    <property name="java.vm.version" value="25.221-b11"/>
    <property name="java.ext.dirs" value="/home/prog/Документы/jdk1.8.0_301/jre/lib/ext:/usr/java/packages/lib/ext"/>
    <property name="sun.io.unicode.encoding" value="UnicodeLittle"/>
    <property name="java.class.version" value="52.0"/>
  </properties>
  <testcase name="На GET запрос  погоды - получаем ожидаемые значения keys-values для города New York" classname="tests.WeatherForecastTest" time="3.131">
    <failure message="Multiple Failures (3 failures)&#10;	org.spockframework.runtime.SpockComparisonFailure: Condition not satisfied:&#10;&#10;weatherRequestByCity == expectedRequestValuesByCity&#10;|                    |  |&#10;null                 |  [type:City, query:New York, United States of America, language:en, unit:m]&#10;                     false&#10;&#10;	org.spockframework.runtime.SpockComparisonFailure: Condition not satisfied:&#10;&#10;weatherLocationByCity == expectedLocationValuesByCity&#10;|                     |  |&#10;null                  |  [name:New York, country:United States of America, region:New York, lat:40.714, lon:-74.006, timezone_id:America/New_York, localtime:2021-12-04 18:08, localtime_epoch:1638659280, utc_offset:-5.0]&#10;                      false&#10;&#10;	org.spockframework.runtime.SpockComparisonFailure: Condition not satisfied:&#10;&#10;weatherCurrentByCity == expectedCurrentValues&#10;|                    |  |&#10;null                 |  [observation_time:09:15 PM, temperature:5, weather_code:116, weather_icons:[https://assets.weatherstack.com/images/wsymbols01_png_64/wsymbol_0004_black_low_cloud.png], weather_descriptions:[Partly cloudy], wind_speed:24, wind_degree:260, wind_dir:W, pressure:998, precip:0, humidity:75, cloudcover:75, feelslike:1, uv_index:1, visibility:10, is_day:no]&#10;                     false&#10;" type="org.opentest4j.MultipleFailuresError">org.opentest4j.MultipleFailuresError: 
Multiple Failures (3 failures)
	org.spockframework.runtime.SpockComparisonFailure: Condition not satisfied:

weatherRequestByCity == expectedRequestValuesByCity
|                    |  |
null                 |  [type:City, query:New York, United States of America, language:en, unit:m]
                     false

	org.spockframework.runtime.SpockComparisonFailure: Condition not satisfied:

weatherLocationByCity == expectedLocationValuesByCity
|                     |  |
null                  |  [name:New York, country:United States of America, region:New York, lat:40.714, lon:-74.006, timezone_id:America/New_York, localtime:2021-12-04 18:08, localtime_epoch:1638659280, utc_offset:-5.0]
                      false

	org.spockframework.runtime.SpockComparisonFailure: Condition not satisfied:

weatherCurrentByCity == expectedCurrentValues
|                    |  |
null                 |  [observation_time:09:15 PM, temperature:5, weather_code:116, weather_icons:[https://assets.weatherstack.com/images/wsymbols01_png_64/wsymbol_0004_black_low_cloud.png], weather_descriptions:[Partly cloudy], wind_speed:24, wind_degree:260, wind_dir:W, pressure:998, precip:0, humidity:75, cloudcover:75, feelslike:1, uv_index:1, visibility:10, is_day:no]
                     false

</failure>
    <system-out><![CDATA[Request URI:	http://api.weatherstack.com/current?access_key=f404644097a980ee6ad310f34e2cb65d&query=New%20York
Request URI:	http://api.weatherstack.com/current?access_key=f404644097a980ee6ad310f34e2cb65d&query=New%20York
Request URI:	http://api.weatherstack.com/current?access_key=f404644097a980ee6ad310f34e2cb65d&query=New%20York
2021-12-04 18:08
]]></system-out>
  </testcase>
  <testcase name="На GET запрос  погоды - получаем ожидаемые значения keys-values для города Moscow" classname="tests.WeatherForecastTest" time="1.026">
    <failure message="Multiple Failures (3 failures)&#10;	org.spockframework.runtime.SpockComparisonFailure: Condition not satisfied:&#10;&#10;weatherRequestByCity == expectedRequestValuesByCity&#10;|                    |  |&#10;null                 |  [type:City, query:Moscow, Russia, language:en, unit:m]&#10;                     false&#10;&#10;	org.spockframework.runtime.SpockComparisonFailure: Condition not satisfied:&#10;&#10;weatherLocationByCity == expectedLocationValuesByCity&#10;|                     |  |&#10;null                  |  [name:Moscow, country:Russia, region:Moscow City, lat:55.752, lon:37.616, timezone_id:Europe/Moscow, localtime:2021-12-05 02:08, localtime_epoch:1638659281, utc_offset:3.0]&#10;                      false&#10;&#10;	org.spockframework.runtime.SpockComparisonFailure: Condition not satisfied:&#10;&#10;weatherCurrentByCity == expectedCurrentValues&#10;|                    |  |&#10;null                 |  [observation_time:09:15 PM, temperature:5, weather_code:116, weather_icons:[https://assets.weatherstack.com/images/wsymbols01_png_64/wsymbol_0004_black_low_cloud.png], weather_descriptions:[Partly cloudy], wind_speed:24, wind_degree:260, wind_dir:W, pressure:998, precip:0, humidity:75, cloudcover:75, feelslike:1, uv_index:1, visibility:10, is_day:no]&#10;                     false&#10;" type="org.opentest4j.MultipleFailuresError">org.opentest4j.MultipleFailuresError: 
Multiple Failures (3 failures)
	org.spockframework.runtime.SpockComparisonFailure: Condition not satisfied:

weatherRequestByCity == expectedRequestValuesByCity
|                    |  |
null                 |  [type:City, query:Moscow, Russia, language:en, unit:m]
                     false

	org.spockframework.runtime.SpockComparisonFailure: Condition not satisfied:

weatherLocationByCity == expectedLocationValuesByCity
|                     |  |
null                  |  [name:Moscow, country:Russia, region:Moscow City, lat:55.752, lon:37.616, timezone_id:Europe/Moscow, localtime:2021-12-05 02:08, localtime_epoch:1638659281, utc_offset:3.0]
                      false

	org.spockframework.runtime.SpockComparisonFailure: Condition not satisfied:

weatherCurrentByCity == expectedCurrentValues
|                    |  |
null                 |  [observation_time:09:15 PM, temperature:5, weather_code:116, weather_icons:[https://assets.weatherstack.com/images/wsymbols01_png_64/wsymbol_0004_black_low_cloud.png], weather_descriptions:[Partly cloudy], wind_speed:24, wind_degree:260, wind_dir:W, pressure:998, precip:0, humidity:75, cloudcover:75, feelslike:1, uv_index:1, visibility:10, is_day:no]
                     false

</failure>
    <system-out><![CDATA[Request URI:	http://api.weatherstack.com/current?access_key=f404644097a980ee6ad310f34e2cb65d&query=Moscow
Request URI:	http://api.weatherstack.com/current?access_key=f404644097a980ee6ad310f34e2cb65d&query=Moscow
Request URI:	http://api.weatherstack.com/current?access_key=f404644097a980ee6ad310f34e2cb65d&query=Moscow
2021-12-05 02:08
]]></system-out>
  </testcase>
  <testcase name="На GET запрос  погоды - получаем ожидаемые значения keys-values для города London" classname="tests.WeatherForecastTest" time="1.005">
    <failure message="Multiple Failures (3 failures)&#10;	org.spockframework.runtime.SpockComparisonFailure: Condition not satisfied:&#10;&#10;weatherRequestByCity == expectedRequestValuesByCity&#10;|                    |  |&#10;null                 |  [type:City, query:London, United Kingdom, language:en, unit:m]&#10;                     false&#10;&#10;	org.spockframework.runtime.SpockComparisonFailure: Condition not satisfied:&#10;&#10;weatherLocationByCity == expectedLocationValuesByCity&#10;|                     |  |&#10;null                  |  [name:London, country:United Kingdom, region:City of London, Greater London, lat:51.517, lon:-0.106, timezone_id:Europe/London, localtime:2021-12-04 23:08, localtime_epoch:1638659282, utc_offset:0.0]&#10;                      false&#10;&#10;	org.spockframework.runtime.SpockComparisonFailure: Condition not satisfied:&#10;&#10;weatherCurrentByCity == expectedCurrentValues&#10;|                    |  |&#10;null                 |  [observation_time:09:15 PM, temperature:5, weather_code:116, weather_icons:[https://assets.weatherstack.com/images/wsymbols01_png_64/wsymbol_0004_black_low_cloud.png], weather_descriptions:[Partly cloudy], wind_speed:24, wind_degree:260, wind_dir:W, pressure:998, precip:0, humidity:75, cloudcover:75, feelslike:1, uv_index:1, visibility:10, is_day:no]&#10;                     false&#10;" type="org.opentest4j.MultipleFailuresError">org.opentest4j.MultipleFailuresError: 
Multiple Failures (3 failures)
	org.spockframework.runtime.SpockComparisonFailure: Condition not satisfied:

weatherRequestByCity == expectedRequestValuesByCity
|                    |  |
null                 |  [type:City, query:London, United Kingdom, language:en, unit:m]
                     false

	org.spockframework.runtime.SpockComparisonFailure: Condition not satisfied:

weatherLocationByCity == expectedLocationValuesByCity
|                     |  |
null                  |  [name:London, country:United Kingdom, region:City of London, Greater London, lat:51.517, lon:-0.106, timezone_id:Europe/London, localtime:2021-12-04 23:08, localtime_epoch:1638659282, utc_offset:0.0]
                      false

	org.spockframework.runtime.SpockComparisonFailure: Condition not satisfied:

weatherCurrentByCity == expectedCurrentValues
|                    |  |
null                 |  [observation_time:09:15 PM, temperature:5, weather_code:116, weather_icons:[https://assets.weatherstack.com/images/wsymbols01_png_64/wsymbol_0004_black_low_cloud.png], weather_descriptions:[Partly cloudy], wind_speed:24, wind_degree:260, wind_dir:W, pressure:998, precip:0, humidity:75, cloudcover:75, feelslike:1, uv_index:1, visibility:10, is_day:no]
                     false

</failure>
    <system-out><![CDATA[Request URI:	http://api.weatherstack.com/current?access_key=f404644097a980ee6ad310f34e2cb65d&query=London
Request URI:	http://api.weatherstack.com/current?access_key=f404644097a980ee6ad310f34e2cb65d&query=London
Request URI:	http://api.weatherstack.com/current?access_key=f404644097a980ee6ad310f34e2cb65d&query=London
2021-12-04 23:08
]]></system-out>
  </testcase>
  <testcase name="На GET запрос  погоды - получаем ожидаемые значения keys-values для города Abu Dabi" classname="tests.WeatherForecastTest" time="0.884">
    <failure message="Multiple Failures (3 failures)&#10;	org.spockframework.runtime.SpockComparisonFailure: Condition not satisfied:&#10;&#10;weatherRequestByCity == expectedRequestValuesByCity&#10;|                    |  |&#10;null                 |  [type:City, query:Abu Dabi, United Arab Emirates, language:en, unit:m]&#10;                     false&#10;&#10;	org.spockframework.runtime.SpockComparisonFailure: Condition not satisfied:&#10;&#10;weatherLocationByCity == expectedLocationValuesByCity&#10;|                     |  |&#10;null                  |  [name:Abu Dabi, country:United Arab Emirates, region:Abu Dhabi, lat:24.467, lon:54.367, timezone_id:Asia/Dubai, localtime:2021-12-05 03:08, localtime_epoch:1638659283, utc_offset:4.0]&#10;                      false&#10;&#10;	org.spockframework.runtime.SpockComparisonFailure: Condition not satisfied:&#10;&#10;weatherCurrentByCity == expectedCurrentValues&#10;|                    |  |&#10;null                 |  [observation_time:09:15 PM, temperature:5, weather_code:116, weather_icons:[https://assets.weatherstack.com/images/wsymbols01_png_64/wsymbol_0004_black_low_cloud.png], weather_descriptions:[Partly cloudy], wind_speed:24, wind_degree:260, wind_dir:W, pressure:998, precip:0, humidity:75, cloudcover:75, feelslike:1, uv_index:1, visibility:10, is_day:no]&#10;                     false&#10;" type="org.opentest4j.MultipleFailuresError">org.opentest4j.MultipleFailuresError: 
Multiple Failures (3 failures)
	org.spockframework.runtime.SpockComparisonFailure: Condition not satisfied:

weatherRequestByCity == expectedRequestValuesByCity
|                    |  |
null                 |  [type:City, query:Abu Dabi, United Arab Emirates, language:en, unit:m]
                     false

	org.spockframework.runtime.SpockComparisonFailure: Condition not satisfied:

weatherLocationByCity == expectedLocationValuesByCity
|                     |  |
null                  |  [name:Abu Dabi, country:United Arab Emirates, region:Abu Dhabi, lat:24.467, lon:54.367, timezone_id:Asia/Dubai, localtime:2021-12-05 03:08, localtime_epoch:1638659283, utc_offset:4.0]
                      false

	org.spockframework.runtime.SpockComparisonFailure: Condition not satisfied:

weatherCurrentByCity == expectedCurrentValues
|                    |  |
null                 |  [observation_time:09:15 PM, temperature:5, weather_code:116, weather_icons:[https://assets.weatherstack.com/images/wsymbols01_png_64/wsymbol_0004_black_low_cloud.png], weather_descriptions:[Partly cloudy], wind_speed:24, wind_degree:260, wind_dir:W, pressure:998, precip:0, humidity:75, cloudcover:75, feelslike:1, uv_index:1, visibility:10, is_day:no]
                     false

</failure>
    <system-out><![CDATA[Request URI:	http://api.weatherstack.com/current?access_key=f404644097a980ee6ad310f34e2cb65d&query=Abu%20Dabi
Request URI:	http://api.weatherstack.com/current?access_key=f404644097a980ee6ad310f34e2cb65d&query=Abu%20Dabi
Request URI:	http://api.weatherstack.com/current?access_key=f404644097a980ee6ad310f34e2cb65d&query=Abu%20Dabi
2021-12-05 03:08
]]></system-out>
  </testcase>
  <testcase name="На GET запрос  погоды - получаем ожидаемые значения keys-values для города #city" classname="tests.WeatherForecastTest" time="0.885"/>
</testsuite>